<?xml version="1.0" encoding="UTF-8"?>
<!-- Generated by org.testng.reporters.JUnitXMLReporter -->
<testsuite ignored="1" hostname="DESKTOP-I0B7BOI" failures="0" tests="1" name="NegativeUsernameTest" time="9.673" errors="0" timestamp="2021-01-17T17:19:31 CET">
  <testcase classname="com.herokuapp.theinternet.LoginTests" name="negativeLoginTest" time="5.863"/>
  <testcase classname="com.herokuapp.theinternet.LoginTests" name="positiveLoginTest" time="0.0">
    <ignored/>
  </testcase> <!-- positiveLoginTest -->
</testsuite> <!-- NegativeUsernameTest -->
