<?xml version="1.0" encoding="UTF-8"?>
<!-- Generated by org.testng.reporters.JUnitXMLReporter -->
<testsuite ignored="0" hostname="DESKTOP-I0B7BOI" failures="0" tests="2" name="NegativePasswordTest" time="21.195" errors="0" timestamp="2021-01-17T17:19:52 CET">
  <testcase classname="com.herokuapp.theinternet.LoginTests" name="positiveLoginTest" time="7.204"/>
  <testcase classname="com.herokuapp.theinternet.LoginTests" name="negativeLoginTest" time="6.709"/>
</testsuite> <!-- NegativePasswordTest -->
