<?xml version="1.0" encoding="UTF-8"?>
<!-- Generated by org.testng.reporters.JUnitXMLReporter -->
<testsuite ignored="1" hostname="DESKTOP-I0B7BOI" failures="0" tests="1" name="NegativeTest" time="11.524" errors="0" timestamp="2021-01-07T18:31:23 CET">
  <testcase classname="com.herokuapp.theinternet.NegativeTest" name="incorrectPassword" time="11.488"/>
  <testcase classname="com.herokuapp.theinternet.NegativeTest" name="incorrectUser" time="0.0">
    <ignored/>
  </testcase> <!-- incorrectUser -->
</testsuite> <!-- NegativeTest -->
