<?xml version="1.0" encoding="UTF-8"?>
<testng-results ignored="3" total="6" passed="3" failed="0" skipped="0">
  <reporter-output>
  </reporter-output>
  <suite started-at="2021-01-21T18:20:23 CET" name="LoginTests" finished-at="2021-01-21T18:20:54 CET" duration-ms="30215">
    <groups>
      <group name="positiveTests">
        <method signature="LoginTests.positiveLoginTest()[pri:1, instance:com.herokuapp.theinternet.LoginTests@2892dae4]" name="positiveLoginTest" class="com.herokuapp.theinternet.LoginTests"/>
      </group> <!-- positiveTests -->
      <group name="smokeTests">
        <method signature="LoginTests.negativeLoginTest(java.lang.String, java.lang.String, java.lang.String)[pri:2, instance:com.herokuapp.theinternet.LoginTests@69e1dd28]" name="negativeLoginTest" class="com.herokuapp.theinternet.LoginTests"/>
        <method signature="LoginTests.negativeLoginTest(java.lang.String, java.lang.String, java.lang.String)[pri:2, instance:com.herokuapp.theinternet.LoginTests@5fd4f8f5]" name="negativeLoginTest" class="com.herokuapp.theinternet.LoginTests"/>
      </group> <!-- smokeTests -->
      <group name="negativeTests">
        <method signature="LoginTests.negativeLoginTest(java.lang.String, java.lang.String, java.lang.String)[pri:2, instance:com.herokuapp.theinternet.LoginTests@69e1dd28]" name="negativeLoginTest" class="com.herokuapp.theinternet.LoginTests"/>
        <method signature="LoginTests.negativeLoginTest(java.lang.String, java.lang.String, java.lang.String)[pri:2, instance:com.herokuapp.theinternet.LoginTests@5fd4f8f5]" name="negativeLoginTest" class="com.herokuapp.theinternet.LoginTests"/>
      </group> <!-- negativeTests -->
    </groups>
    <test started-at="2021-01-21T18:20:23 CET" name="PositiveTests" finished-at="2021-01-21T18:20:39 CET" duration-ms="15628">
      <class name="com.herokuapp.theinternet.LoginTests">
        <test-method is-config="true" signature="setUp(java.lang.String)[pri:0, instance:com.herokuapp.theinternet.LoginTests@2892dae4]" started-at="2021-01-21T18:20:23 CET" name="setUp" finished-at="2021-01-21T18:20:27 CET" duration-ms="3681" status="PASS">
          <params>
            <param index="0">
              <value>
                <![CDATA[chrome]]>
              </value>
            </param>
          </params>
          <reporter-output>
          </reporter-output>
        </test-method> <!-- setUp -->
        <test-method signature="positiveLoginTest()[pri:1, instance:com.herokuapp.theinternet.LoginTests@2892dae4]" started-at="2021-01-21T18:20:27 CET" name="positiveLoginTest" finished-at="2021-01-21T18:20:38 CET" duration-ms="11269" status="PASS">
          <reporter-output>
          </reporter-output>
        </test-method> <!-- positiveLoginTest -->
        <test-method is-config="true" signature="tearDown()[pri:0, instance:com.herokuapp.theinternet.LoginTests@2892dae4]" started-at="2021-01-21T18:20:38 CET" name="tearDown" finished-at="2021-01-21T18:20:39 CET" duration-ms="644" status="PASS">
          <reporter-output>
          </reporter-output>
        </test-method> <!-- tearDown -->
      </class> <!-- com.herokuapp.theinternet.LoginTests -->
    </test> <!-- PositiveTests -->
    <test started-at="2021-01-21T18:20:39 CET" name="NegativeUsernameTest" finished-at="2021-01-21T18:20:47 CET" duration-ms="8300">
      <class name="com.herokuapp.theinternet.LoginTests">
        <test-method is-config="true" signature="setUp(java.lang.String)[pri:0, instance:com.herokuapp.theinternet.LoginTests@69e1dd28]" started-at="2021-01-21T18:20:39 CET" name="setUp" finished-at="2021-01-21T18:20:42 CET" duration-ms="3201" status="PASS">
          <params>
            <param index="0">
              <value>
                <![CDATA[chrome]]>
              </value>
            </param>
          </params>
          <reporter-output>
          </reporter-output>
        </test-method> <!-- setUp -->
        <test-method signature="negativeLoginTest(java.lang.String, java.lang.String, java.lang.String)[pri:2, instance:com.herokuapp.theinternet.LoginTests@69e1dd28]" started-at="2021-01-21T18:20:42 CET" name="negativeLoginTest" finished-at="2021-01-21T18:20:47 CET" duration-ms="4320" status="PASS">
          <params>
            <param index="0">
              <value>
                <![CDATA[incorrect]]>
              </value>
            </param>
            <param index="1">
              <value>
                <![CDATA[SuperSecretPassword!]]>
              </value>
            </param>
            <param index="2">
              <value>
                <![CDATA[Your username is invalid!]]>
              </value>
            </param>
          </params>
          <reporter-output>
          </reporter-output>
        </test-method> <!-- negativeLoginTest -->
        <test-method is-config="true" signature="tearDown()[pri:0, instance:com.herokuapp.theinternet.LoginTests@69e1dd28]" started-at="2021-01-21T18:20:47 CET" name="tearDown" finished-at="2021-01-21T18:20:47 CET" duration-ms="776" status="PASS">
          <reporter-output>
          </reporter-output>
        </test-method> <!-- tearDown -->
      </class> <!-- com.herokuapp.theinternet.LoginTests -->
    </test> <!-- NegativeUsernameTest -->
    <test started-at="2021-01-21T18:20:47 CET" name="NegativePasswordTest" finished-at="2021-01-21T18:20:54 CET" duration-ms="6206">
      <class name="com.herokuapp.theinternet.LoginTests">
        <test-method is-config="true" signature="setUp(java.lang.String)[pri:0, instance:com.herokuapp.theinternet.LoginTests@5fd4f8f5]" started-at="2021-01-21T18:20:47 CET" name="setUp" finished-at="2021-01-21T18:20:51 CET" duration-ms="3296" status="PASS">
          <params>
            <param index="0">
              <value>
                <![CDATA[firefox]]>
              </value>
            </param>
          </params>
          <reporter-output>
          </reporter-output>
        </test-method> <!-- setUp -->
        <test-method signature="negativeLoginTest(java.lang.String, java.lang.String, java.lang.String)[pri:2, instance:com.herokuapp.theinternet.LoginTests@5fd4f8f5]" started-at="2021-01-21T18:20:51 CET" name="negativeLoginTest" finished-at="2021-01-21T18:20:53 CET" duration-ms="2191" status="PASS">
          <params>
            <param index="0">
              <value>
                <![CDATA[tomsmith]]>
              </value>
            </param>
            <param index="1">
              <value>
                <![CDATA[SuperNoSecretPassword!]]>
              </value>
            </param>
            <param index="2">
              <value>
                <![CDATA[Your password is invalid!]]>
              </value>
            </param>
          </params>
          <reporter-output>
          </reporter-output>
        </test-method> <!-- negativeLoginTest -->
        <test-method is-config="true" signature="tearDown()[pri:0, instance:com.herokuapp.theinternet.LoginTests@5fd4f8f5]" started-at="2021-01-21T18:20:53 CET" name="tearDown" finished-at="2021-01-21T18:20:54 CET" duration-ms="716" status="PASS">
          <reporter-output>
          </reporter-output>
        </test-method> <!-- tearDown -->
      </class> <!-- com.herokuapp.theinternet.LoginTests -->
    </test> <!-- NegativePasswordTest -->
  </suite> <!-- LoginTests -->
</testng-results>
