<?xml version="1.0" encoding="UTF-8"?>
<testng-results ignored="0" total="3" passed="3" failed="0" skipped="0">
  <reporter-output>
  </reporter-output>
  <suite started-at="2020-12-09T13:14:43 CET" name="AllTests" finished-at="2020-12-09T13:15:16 CET" duration-ms="32467">
    <groups>
    </groups>
    <test started-at="2020-12-09T13:14:43 CET" name="PositiveTests" finished-at="2020-12-09T13:14:59 CET" duration-ms="15595">
      <class name="com.herokuapp.theinternet.PositiveTests">
        <test-method signature="loginTest()[pri:0, instance:com.herokuapp.theinternet.PositiveTests@6aaceffd]" started-at="2020-12-09T13:14:43 CET" name="loginTest" finished-at="2020-12-09T13:14:59 CET" duration-ms="15555" status="PASS">
          <reporter-output>
          </reporter-output>
        </test-method> <!-- loginTest -->
      </class> <!-- com.herokuapp.theinternet.PositiveTests -->
    </test> <!-- PositiveTests -->
    <test started-at="2020-12-09T13:14:59 CET" name="NegativeTest" finished-at="2020-12-09T13:15:16 CET" duration-ms="16829">
      <class name="com.herokuapp.theinternet.NegativeTest">
        <test-method signature="incorrectPassword()[pri:0, instance:com.herokuapp.theinternet.NegativeTest@21b2e768]" started-at="2020-12-09T13:14:59 CET" name="incorrectPassword" finished-at="2020-12-09T13:15:10 CET" duration-ms="10667" status="PASS">
          <reporter-output>
          </reporter-output>
        </test-method> <!-- incorrectPassword -->
        <test-method signature="incorrectUser()[pri:0, instance:com.herokuapp.theinternet.NegativeTest@21b2e768]" started-at="2020-12-09T13:15:10 CET" name="incorrectUser" finished-at="2020-12-09T13:15:16 CET" duration-ms="6160" status="PASS">
          <reporter-output>
          </reporter-output>
        </test-method> <!-- incorrectUser -->
      </class> <!-- com.herokuapp.theinternet.NegativeTest -->
    </test> <!-- NegativeTest -->
  </suite> <!-- AllTests -->
</testng-results>
