<?xml version="1.0" encoding="UTF-8"?>
<!-- Generated by org.testng.reporters.JUnitXMLReporter -->
<testsuite ignored="1" hostname="DESKTOP-I0B7BOI" failures="0" tests="1" name="NegativeUsernameTest" time="8.3" errors="0" timestamp="2021-01-21T18:20:47 CET">
  <testcase classname="com.herokuapp.theinternet.LoginTests" name="negativeLoginTest" time="4.32"/>
  <testcase classname="com.herokuapp.theinternet.LoginTests" name="positiveLoginTest" time="0.0">
    <ignored/>
  </testcase> <!-- positiveLoginTest -->
</testsuite> <!-- NegativeUsernameTest -->
