<?xml version="1.0" encoding="UTF-8"?>
<!-- Generated by org.testng.reporters.JUnitXMLReporter -->
<testsuite ignored="1" hostname="DESKTOP-I0B7BOI" failures="0" tests="1" name="PositiveTests" time="15.628" errors="0" timestamp="2021-01-21T18:20:39 CET">
  <testcase classname="com.herokuapp.theinternet.LoginTests" name="positiveLoginTest" time="11.269"/>
  <testcase classname="com.herokuapp.theinternet.LoginTests" name="negativeLoginTest" time="0.0">
    <ignored/>
  </testcase> <!-- negativeLoginTest -->
</testsuite> <!-- PositiveTests -->
