<?xml version="1.0" encoding="UTF-8"?>
<!-- Generated by org.testng.reporters.JUnitXMLReporter -->
<testsuite ignored="3" hostname="DESKTOP-I0B7BOI" failures="0" tests="1" name="exceptionTest" time="9.838" errors="0" timestamp="2021-01-21T15:58:03 CET">
  <testcase classname="com.herokuapp.theinternet.ExceptionsTests" name="disabledElementTest" time="5.314"/>
  <testcase classname="com.herokuapp.theinternet.ExceptionsTests" name="notVisibleTest" time="0.0">
    <ignored/>
  </testcase> <!-- notVisibleTest -->
  <testcase classname="com.herokuapp.theinternet.ExceptionsTests" name="staleElementTest" time="0.0">
    <ignored/>
  </testcase> <!-- staleElementTest -->
  <testcase classname="com.herokuapp.theinternet.ExceptionsTests" name="timeOutTest" time="0.0">
    <ignored/>
  </testcase> <!-- timeOutTest -->
</testsuite> <!-- exceptionTest -->
